<?xml version="1.0" encoding="UTF-8"?>
<testng-results ignored="0" total="1" passed="1" failed="0" skipped="0">
  <reporter-output>
  </reporter-output>
  <suite started-at="2024-08-14T12:38:25 IST" name="Default suite" finished-at="2024-08-14T12:38:50 IST" duration-ms="25183">
    <groups>
    </groups>
    <test started-at="2024-08-14T12:38:25 IST" name="Default test" finished-at="2024-08-14T12:38:50 IST" duration-ms="25183">
      <class name="test.Test2">
        <test-method is-config="true" signature="BrowserSetup()[pri:0, instance:test.Test2@6973b51b]" started-at="2024-08-14T12:38:25 IST" name="BrowserSetup" finished-at="2024-08-14T12:38:35 IST" duration-ms="10081" status="PASS">
          <reporter-output>
          </reporter-output>
        </test-method> <!-- BrowserSetup -->
        <test-method is-config="true" signature="LoginOperation()[pri:0, instance:test.Test2@6973b51b]" started-at="2024-08-14T12:38:35 IST" name="LoginOperation" finished-at="2024-08-14T12:38:35 IST" duration-ms="136" status="PASS">
          <reporter-output>
          </reporter-output>
        </test-method> <!-- LoginOperation -->
        <test-method signature="test2()[pri:0, instance:test.Test2@6973b51b]" started-at="2024-08-14T12:38:35 IST" name="test2" finished-at="2024-08-14T12:38:45 IST" duration-ms="9772" status="PASS">
          <reporter-output>
          </reporter-output>
        </test-method> <!-- test2 -->
        <test-method is-config="true" signature="LogoutOperation()[pri:0, instance:test.Test2@6973b51b]" started-at="2024-08-14T12:38:45 IST" name="LogoutOperation" finished-at="2024-08-14T12:38:50 IST" duration-ms="5087" status="PASS">
          <reporter-output>
          </reporter-output>
        </test-method> <!-- LogoutOperation -->
        <test-method is-config="true" signature="TearDown()[pri:0, instance:test.Test2@6973b51b]" started-at="2024-08-14T12:38:50 IST" name="TearDown" finished-at="2024-08-14T12:38:50 IST" duration-ms="88" status="PASS">
          <reporter-output>
          </reporter-output>
        </test-method> <!-- TearDown -->
      </class> <!-- test.Test2 -->
    </test> <!-- Default test -->
  </suite> <!-- Default suite -->
</testng-results>
