<?xml version="1.0" encoding="UTF-8"?>
<testng-results ignored="0" total="1" passed="1" failed="0" skipped="0">
  <reporter-output>
  </reporter-output>
  <suite started-at="2024-08-16T15:45:09 IST" name="Default suite" finished-at="2024-08-16T15:46:01 IST" duration-ms="51884">
    <groups>
    </groups>
    <test started-at="2024-08-16T15:45:09 IST" name="Default test" finished-at="2024-08-16T15:46:01 IST" duration-ms="51884">
      <class name="test.Test3">
        <test-method is-config="true" signature="BrowserSetup()[pri:0, instance:test.Test3@4567f35d]" started-at="2024-08-16T15:45:09 IST" name="BrowserSetup" finished-at="2024-08-16T15:45:41 IST" duration-ms="31815" status="PASS">
          <reporter-output>
          </reporter-output>
        </test-method> <!-- BrowserSetup -->
        <test-method is-config="true" signature="LoginOperation()[pri:0, instance:test.Test3@4567f35d]" started-at="2024-08-16T15:45:41 IST" name="LoginOperation" finished-at="2024-08-16T15:45:41 IST" duration-ms="212" status="PASS">
          <reporter-output>
          </reporter-output>
        </test-method> <!-- LoginOperation -->
        <test-method signature="test3()[pri:0, instance:test.Test3@4567f35d]" started-at="2024-08-16T15:45:41 IST" name="test3" finished-at="2024-08-16T15:45:56 IST" duration-ms="14683" status="PASS">
          <reporter-output>
          </reporter-output>
        </test-method> <!-- test3 -->
        <test-method is-config="true" signature="LogoutOperation()[pri:0, instance:test.Test3@4567f35d]" started-at="2024-08-16T15:45:56 IST" name="LogoutOperation" finished-at="2024-08-16T15:46:01 IST" duration-ms="5067" status="PASS">
          <reporter-output>
          </reporter-output>
        </test-method> <!-- LogoutOperation -->
        <test-method is-config="true" signature="TearDown()[pri:0, instance:test.Test3@4567f35d]" started-at="2024-08-16T15:46:01 IST" name="TearDown" finished-at="2024-08-16T15:46:01 IST" duration-ms="81" status="PASS">
          <reporter-output>
          </reporter-output>
        </test-method> <!-- TearDown -->
      </class> <!-- test.Test3 -->
    </test> <!-- Default test -->
  </suite> <!-- Default suite -->
</testng-results>
